#
# There is insufficient memory for the Java Runtime Environment to continue.
# Native memory allocation (mmap) failed to map 53477376 bytes for Failed to commit area from 0x0000000089e00000 to 0x000000008d100000 of length 53477376.
# Possible reasons:
#   The system is out of physical RAM or swap space
#   The process is running with CompressedOops enabled, and the Java Heap may be blocking the growth of the native heap
# Possible solutions:
#   Reduce memory load on the system
#   Increase physical memory or swap space
#   Check if swap backing store is full
#   Decrease Java heap size (-Xmx/-Xms)
#   Decrease number of Java threads
#   Decrease Java thread stack sizes (-Xss)
#   Set larger code cache with -XX:ReservedCodeCacheSize=
#   JVM is running with Unscaled Compressed Oops mode in which the Java heap is
#     placed in the first 4GB address space. The Java Heap base address is the
#     maximum limit for the native heap growth. Please use -XX:HeapBaseMinAddress
#     to set the Java Heap base and to place the Java Heap above 4GB virtual address.
# This output file may be truncated or incomplete.
#
#  Out of Memory Error (t:/workspace/open/src/hotspot/os/windows/os_windows.cpp:3274), pid=7816, tid=3204
#
# JRE version: Java(TM) SE Runtime Environment (11.0.5+10) (build 11.0.5+10-LTS)
# Java VM: Java HotSpot(TM) 64-Bit Server VM (11.0.5+10-LTS, mixed mode, tiered, compressed oops, g1 gc, windows-amd64)
# No core dump will be written. Minidumps are not enabled by default on client versions of Windows
#

---------------  S U M M A R Y ------------

Command Line: -Dcom.sun.management.jmxremote -Dcom.sun.management.jmxremote.port=52396 -Dcom.sun.management.jmxremote.authenticate=false -Dcom.sun.management.jmxremote.ssl=false -Djava.rmi.server.hostname=localhost -Dspring.jmx.enabled=true -Dspring.application.admin.enabled=true -Xverify:none -XX:TieredStopAtLevel=1 -Dspring.boot.project.name=alvicom -Dfile.encoding=UTF-8 com.wolfdani.alvicom.AlvicomApplication --spring.output.ansi.enabled=always

Host: Intel(R) Core(TM) i5-2400 CPU @ 3.10GHz, 4 cores, 7G,  Windows 7 , 64 bit Build 7601 (6.1.7601.24545)
Time: Mon Aug 24 01:26:00 2020 Közép-európai nyári ido  elapsed time: 1055 seconds (0d 0h 17m 35s)

---------------  T H R E A D  ---------------

Current thread (0x0000000062227000):  VMThread "VM Thread" [stack: 0x0000000062380000,0x0000000062480000] [id=3204]

Stack: [0x0000000062380000,0x0000000062480000]
[error occurred during error reporting (printing stack bounds), id 0xc0000005, EXCEPTION_ACCESS_VIOLATION (0xc0000005) at pc=0x000000000ab10bad]

Native frames: (J=compiled Java code, j=interpreted, Vv=VM code, C=native code)
V  [jvm.dll+0x63611a]
V  [jvm.dll+0x77426f]
V  [jvm.dll+0x77591a]
V  [jvm.dll+0x775f35]
V  [jvm.dll+0x775eeb]
V  [jvm.dll+0x635826]
V  [jvm.dll+0x635be8]
C  [ntdll.dll+0x6be9d]
C  [ntdll.dll+0x4040a]
C  [ntdll.dll+0x6b53e]
C  0x000000000ab10bad

VM_Operation (0x00000000680dea10): G1CollectForAllocation, mode: safepoint, requested by thread 0x00000000666ab000


---------------  P R O C E S S  ---------------

Threads class SMR info:
_java_thread_list=0x0000000065fe2f80, length=23, elements={
0x000000006222a000, 0x0000000062274000, 0x0000000062283000, 0x0000000062286000,
0x000000006228a000, 0x000000006228e800, 0x0000000062f3a000, 0x0000000062f7e000,
0x00000000635ca800, 0x00000000635d2800, 0x000000006360b000, 0x0000000063624800,
0x0000000063705800, 0x00000000665d3000, 0x00000000665d4000, 0x0000000066659000,
0x00000000666aa000, 0x00000000666ab000, 0x000000006918f000, 0x0000000069190000,
0x0000000066bc4800, 0x0000000069190800, 0x0000000066bc5800
}

Java Threads: ( => current thread )
  0x000000006222a000 JavaThread "Reference Handler" daemon [_thread_blocked, id=7792, stack(0x00000000625c0000,0x00000000626c0000)]
  0x0000000062274000 JavaThread "Finalizer" daemon [_thread_blocked, id=6788, stack(0x0000000062800000,0x0000000062900000)]
  0x0000000062283000 JavaThread "Signal Dispatcher" daemon [_thread_blocked, id=6952, stack(0x00000000626e0000,0x00000000627e0000)]
  0x0000000062286000 JavaThread "Attach Listener" daemon [_thread_blocked, id=3748, stack(0x00000000629e0000,0x0000000062ae0000)]
  0x000000006228a000 JavaThread "C1 CompilerThread0" daemon [_thread_blocked, id=4196, stack(0x0000000062b50000,0x0000000062c50000)]
  0x000000006228e800 JavaThread "Sweeper thread" daemon [_thread_blocked, id=8104, stack(0x0000000062d50000,0x0000000062e50000)]
  0x0000000062f3a000 JavaThread "Common-Cleaner" daemon [_thread_blocked, id=6056, stack(0x0000000062490000,0x0000000062590000)]
  0x0000000062f7e000 JavaThread "Service Thread" daemon [_thread_blocked, id=3340, stack(0x0000000063290000,0x0000000063390000)]
  0x00000000635ca800 JavaThread "RMI TCP Accept-0" daemon [_thread_in_native, id=6016, stack(0x00000000640e0000,0x00000000641e0000)]
  0x00000000635d2800 JavaThread "RMI TCP Accept-52396" daemon [_thread_in_native, id=7460, stack(0x0000000064300000,0x0000000064400000)]
  0x000000006360b000 JavaThread "RMI Scheduler(0)" daemon [_thread_blocked, id=1192, stack(0x0000000064910000,0x0000000064a10000)]
  0x0000000063624800 JavaThread "RMI TCP Accept-0" daemon [_thread_in_native, id=4684, stack(0x0000000064b00000,0x0000000064c00000)]
  0x0000000063705800 JavaThread "JMX server connection timeout 19" daemon [_thread_blocked, id=2132, stack(0x0000000065340000,0x0000000065440000)]
  0x00000000665d3000 JavaThread "MVStore background writer nio:C:/Users/sali/test.mv.db" daemon [_thread_blocked, id=4468, stack(0x0000000062c50000,0x0000000062d50000)]
  0x00000000665d4000 JavaThread "HikariPool-1 housekeeper" daemon [_thread_blocked, id=7800, stack(0x0000000065890000,0x0000000065990000)]
  0x0000000066659000 JavaThread "Catalina-utility-1" [_thread_blocked, id=2056, stack(0x0000000067e00000,0x0000000067f00000)]
  0x00000000666aa000 JavaThread "Catalina-utility-2" [_thread_blocked, id=3936, stack(0x0000000065230000,0x0000000065330000)]
  0x00000000666ab000 JavaThread "container-0" [_thread_blocked, id=6900, stack(0x0000000067fe0000,0x00000000680e0000)]
  0x000000006918f000 JavaThread "http-nio-8080-Acceptor" daemon [_thread_blocked, id=7440, stack(0x000000006b260000,0x000000006b360000)]
  0x0000000069190000 JavaThread "DestroyJavaVM" [_thread_blocked, id=3676, stack(0x0000000002270000,0x0000000002370000)]
  0x0000000066bc4800 JavaThread "RMI TCP Connection(23)-127.0.0.1" daemon [_thread_in_native, id=776, stack(0x000000006b6c0000,0x000000006b7c0000)]
  0x0000000069190800 JavaThread "RMI TCP Connection(24)-127.0.0.1" daemon [_thread_blocked, id=5912, stack(0x000000006b400000,0x000000006b500000)]
  0x0000000066bc5800 JavaThread "JMX server connection timeout 52" daemon [_thread_blocked, id=8812, stack(0x000000006b7c0000,0x000000006b8c0000)]

Other Threads:
=>0x0000000062227000 VMThread "VM Thread" [stack: 0x0000000062380000,0x0000000062480000] [id=3204]
  0x0000000063626000 WatcherThread [stack: 0x00000000647c0000,0x00000000648c0000] [id=2684]
  0x00000000004d0000 GCTaskThread "GC Thread#0" [stack: 0x0000000019d70000,0x0000000019e70000] [id=4108]
  0x0000000063637800 GCTaskThread "GC Thread#1" [stack: 0x0000000064f90000,0x0000000065090000] [id=3564]
  0x0000000063638800 GCTaskThread "GC Thread#2" [stack: 0x0000000064c30000,0x0000000064d30000] [id=852]
  0x0000000063adb800 GCTaskThread "GC Thread#3" [stack: 0x00000000659f0000,0x0000000065af0000] [id=5264]
  0x0000000000504000 ConcurrentGCThread "G1 Main Marker" [stack: 0x000000001ee40000,0x000000001ef40000] [id=6084]
  0x0000000000505800 ConcurrentGCThread "G1 Conc#0" [stack: 0x000000001f080000,0x000000001f180000] [id=1372]
  0x0000000021520800 ConcurrentGCThread "G1 Refine#0" [stack: 0x00000000215e0000,0x00000000216e0000] [id=9032]
  0x0000000021521800 ConcurrentGCThread "G1 Refine#1" [stack: 0x0000000065130000,0x0000000065230000] [id=6444]
  0x0000000021522000 ConcurrentGCThread "G1 Refine#2" [stack: 0x0000000064e40000,0x0000000064f40000] [id=8336]
  0x0000000021531000 ConcurrentGCThread "G1 Young RemSet Sampling" [stack: 0x0000000021810000,0x0000000021910000] [id=1048]

Threads with active compile tasks:

VM state:at safepoint (normal execution)

VM Mutex/Monitor currently owned by a thread:  ([mutex/lock_event])
[0x00000000004b99d0] Threads_lock - owner thread: 0x0000000062227000
[0x00000000004ba120] Heap_lock - owner thread: 0x00000000666ab000

Heap address: 0x0000000080400000, size: 2044 MB, Compressed Oops mode: 32-bit
Narrow klass base: 0x0000000000000000, Narrow klass shift: 0
Compressed class space size: 1073741824 Address: 0x0000000021910000

Heap:
 garbage-first heap   total 209920K, used 24703K [0x0000000080400000, 0x0000000100000000)
  region size 1024K, 9 young (9216K), 9 survivors (9216K)
 Metaspace       used 57780K, capacity 59436K, committed 59600K, reserved 1101824K
  class space    used 7525K, capacity 8176K, committed 8224K, reserved 1048576K
Heap Regions: E=young(eden), S=young(survivor), O=old, HS=humongous(starts), HC=humongous(continues), CS=collection set, F=free, A=archive, TAMS=top-at-mark-start (previous, next)
|   0|0x0000000080400000, 0x0000000080500000, 0x0000000080500000|100%|HS|  |TAMS 0x0000000080500000, 0x0000000080400000| Complete 
|   1|0x0000000080500000, 0x0000000080600000, 0x0000000080600000|100%| O|  |TAMS 0x0000000080600000, 0x0000000080500000| Untracked 
|   2|0x0000000080600000, 0x0000000080700000, 0x0000000080700000|100%| O|  |TAMS 0x0000000080700000, 0x0000000080600000| Untracked 
|   3|0x0000000080700000, 0x0000000080800000, 0x0000000080800000|100%| O|  |TAMS 0x0000000080800000, 0x0000000080700000| Untracked 
|   4|0x0000000080800000, 0x0000000080900000, 0x0000000080900000|100%| O|  |TAMS 0x0000000080900000, 0x0000000080800000| Untracked 
|   5|0x0000000080900000, 0x0000000080a00000, 0x0000000080a00000|100%| O|  |TAMS 0x0000000080a00000, 0x0000000080900000| Untracked 
|   6|0x0000000080a00000, 0x0000000080b00000, 0x0000000080b00000|100%| O|  |TAMS 0x0000000080b00000, 0x0000000080a00000| Untracked 
|   7|0x0000000080b00000, 0x0000000080c00000, 0x0000000080c00000|100%| O|  |TAMS 0x0000000080c00000, 0x0000000080b00000| Untracked 
|   8|0x0000000080c00000, 0x0000000080d00000, 0x0000000080d00000|100%| O|  |TAMS 0x0000000080c41600, 0x0000000080c00000| Untracked 
|   9|0x0000000080d00000, 0x0000000080e00000, 0x0000000080e00000|100%|HS|  |TAMS 0x0000000080d00000, 0x0000000080d00000| Complete 
|  10|0x0000000080e00000, 0x0000000080f00000, 0x0000000080f00000|100%|HC|  |TAMS 0x0000000080e00000, 0x0000000080e00000| Complete 
|  11|0x0000000080f00000, 0x0000000081000000, 0x0000000081000000|100%| O|  |TAMS 0x0000000080f00000, 0x0000000080f00000| Untracked 
|  12|0x0000000081000000, 0x0000000081100000, 0x0000000081100000|100%| O|  |TAMS 0x0000000081000000, 0x0000000081000000| Untracked 
|  13|0x0000000081100000, 0x0000000081200000, 0x0000000081200000|100%| O|  |TAMS 0x0000000081100000, 0x0000000081100000| Untracked 
|  14|0x0000000081200000, 0x0000000081300000, 0x0000000081300000|100%| O|  |TAMS 0x0000000081200000, 0x0000000081200000| Untracked 
|  15|0x0000000081300000, 0x00000000813c1e00, 0x0000000081400000| 75%| O|  |TAMS 0x0000000081300000, 0x0000000081300000| Untracked 
|  16|0x0000000081400000, 0x0000000081400000, 0x0000000081500000|  0%| F|  |TAMS 0x0000000081400000, 0x0000000081400000| Untracked 
|  17|0x0000000081500000, 0x0000000081500000, 0x0000000081600000|  0%| F|  |TAMS 0x0000000081500000, 0x0000000081500000| Untracked 
|  18|0x0000000081600000, 0x0000000081600000, 0x0000000081700000|  0%| F|  |TAMS 0x0000000081600000, 0x0000000081600000| Untracked 
|  19|0x0000000081700000, 0x0000000081700000, 0x0000000081800000|  0%| F|  |TAMS 0x0000000081700000, 0x0000000081700000| Untracked 
|  20|0x0000000081800000, 0x0000000081800000, 0x0000000081900000|  0%| F|  |TAMS 0x0000000081800000, 0x0000000081800000| Untracked 
|  21|0x0000000081900000, 0x0000000081900000, 0x0000000081a00000|  0%| F|  |TAMS 0x0000000081900000, 0x0000000081900000| Untracked 
|  22|0x0000000081a00000, 0x0000000081a00000, 0x0000000081b00000|  0%| F|  |TAMS 0x0000000081a00000, 0x0000000081a00000| Untracked 
|  23|0x0000000081b00000, 0x0000000081b00000, 0x0000000081c00000|  0%| F|  |TAMS 0x0000000081b00000, 0x0000000081b00000| Untracked 
|  24|0x0000000081c00000, 0x0000000081c00000, 0x0000000081d00000|  0%| F|  |TAMS 0x0000000081c00000, 0x0000000081c00000| Untracked 
|  25|0x0000000081d00000, 0x0000000081d00000, 0x0000000081e00000|  0%| F|  |TAMS 0x0000000081d00000, 0x0000000081d00000| Untracked 
|  26|0x0000000081e00000, 0x0000000081e00000, 0x0000000081f00000|  0%| F|  |TAMS 0x0000000081e00000, 0x0000000081e00000| Untracked 
|  27|0x0000000081f00000, 0x0000000081f00000, 0x0000000082000000|  0%| F|  |TAMS 0x0000000081f00000, 0x0000000081f00000| Untracked 
|  28|0x0000000082000000, 0x0000000082000000, 0x0000000082100000|  0%| F|  |TAMS 0x0000000082000000, 0x0000000082000000| Untracked 
|  29|0x0000000082100000, 0x0000000082100000, 0x0000000082200000|  0%| F|  |TAMS 0x0000000082100000, 0x0000000082100000| Untracked 
|  30|0x0000000082200000, 0x0000000082200000, 0x0000000082300000|  0%| F|  |TAMS 0x0000000082200000, 0x0000000082200000| Untracked 
|  31|0x0000000082300000, 0x0000000082300000, 0x0000000082400000|  0%| F|  |TAMS 0x0000000082300000, 0x0000000082300000| Untracked 
|  32|0x0000000082400000, 0x0000000082400000, 0x0000000082500000|  0%| F|  |TAMS 0x0000000082400000, 0x0000000082400000| Untracked 
|  33|0x0000000082500000, 0x0000000082500000, 0x0000000082600000|  0%| F|  |TAMS 0x0000000082500000, 0x0000000082500000| Untracked 
|  34|0x0000000082600000, 0x0000000082600000, 0x0000000082700000|  0%| F|  |TAMS 0x0000000082600000, 0x0000000082600000| Untracked 
|  35|0x0000000082700000, 0x0000000082700000, 0x0000000082800000|  0%| F|  |TAMS 0x0000000082700000, 0x0000000082700000| Untracked 
|  36|0x0000000082800000, 0x0000000082800000, 0x0000000082900000|  0%| F|  |TAMS 0x0000000082800000, 0x0000000082800000| Untracked 
|  37|0x0000000082900000, 0x0000000082900000, 0x0000000082a00000|  0%| F|  |TAMS 0x0000000082900000, 0x0000000082900000| Untracked 
|  38|0x0000000082a00000, 0x0000000082a00000, 0x0000000082b00000|  0%| F|  |TAMS 0x0000000082a00000, 0x0000000082a00000| Untracked 
|  39|0x0000000082b00000, 0x0000000082b00000, 0x0000000082c00000|  0%| F|  |TAMS 0x0000000082b00000, 0x0000000082b00000| Untracked 
|  40|0x0000000082c00000, 0x0000000082c00000, 0x0000000082d00000|  0%| F|  |TAMS 0x0000000082c00000, 0x0000000082c00000| Untracked 
|  41|0x0000000082d00000, 0x0000000082d00000, 0x0000000082e00000|  0%| F|  |TAMS 0x0000000082d00000, 0x0000000082d00000| Untracked 
|  42|0x0000000082e00000, 0x0000000082e00000, 0x0000000082f00000|  0%| F|  |TAMS 0x0000000082e00000, 0x0000000082e00000| Untracked 
|  43|0x0000000082f00000, 0x0000000082f00000, 0x0000000083000000|  0%| F|  |TAMS 0x0000000082f00000, 0x0000000082f00000| Untracked 
|  44|0x0000000083000000, 0x0000000083000000, 0x0000000083100000|  0%| F|  |TAMS 0x0000000083000000, 0x0000000083000000| Untracked 
|  45|0x0000000083100000, 0x0000000083100000, 0x0000000083200000|  0%| F|  |TAMS 0x0000000083100000, 0x0000000083100000| Untracked 
|  46|0x0000000083200000, 0x0000000083200000, 0x0000000083300000|  0%| F|  |TAMS 0x0000000083200000, 0x0000000083200000| Untracked 
|  47|0x0000000083300000, 0x0000000083300000, 0x0000000083400000|  0%| F|  |TAMS 0x0000000083300000, 0x0000000083300000| Untracked 
|  48|0x0000000083400000, 0x0000000083400000, 0x0000000083500000|  0%| F|  |TAMS 0x0000000083400000, 0x0000000083400000| Untracked 
|  49|0x0000000083500000, 0x0000000083500000, 0x0000000083600000|  0%| F|  |TAMS 0x0000000083500000, 0x0000000083500000| Untracked 
|  50|0x0000000083600000, 0x0000000083600000, 0x0000000083700000|  0%| F|  |TAMS 0x0000000083600000, 0x0000000083600000| Untracked 
|  51|0x0000000083700000, 0x0000000083700000, 0x0000000083800000|  0%| F|  |TAMS 0x0000000083700000, 0x0000000083700000| Untracked 
|  52|0x0000000083800000, 0x0000000083800000, 0x0000000083900000|  0%| F|  |TAMS 0x0000000083800000, 0x0000000083800000| Untracked 
|  53|0x0000000083900000, 0x000000008395dfb0, 0x0000000083a00000| 36%| S|CS|TAMS 0x0000000083900000, 0x0000000083900000| Complete 
|  54|0x0000000083a00000, 0x0000000083b00000, 0x0000000083b00000|100%| S|CS|TAMS 0x0000000083a00000, 0x0000000083a00000| Complete 
|  55|0x0000000083b00000, 0x0000000083b00000, 0x0000000083c00000|  0%| F|  |TAMS 0x0000000083b00000, 0x0000000083b00000| Untracked 
|  56|0x0000000083c00000, 0x0000000083c00000, 0x0000000083d00000|  0%| F|  |TAMS 0x0000000083c00000, 0x0000000083c00000| Untracked 
|  57|0x0000000083d00000, 0x0000000083d00000, 0x0000000083e00000|  0%| F|  |TAMS 0x0000000083d00000, 0x0000000083d00000| Untracked 
|  58|0x0000000083e00000, 0x0000000083e00000, 0x0000000083f00000|  0%| F|  |TAMS 0x0000000083e00000, 0x0000000083e00000| Untracked 
|  59|0x0000000083f00000, 0x0000000083f00000, 0x0000000084000000|  0%| F|  |TAMS 0x0000000083f00000, 0x0000000083f00000| Untracked 
|  60|0x0000000084000000, 0x0000000084000000, 0x0000000084100000|  0%| F|  |TAMS 0x0000000084000000, 0x0000000084000000| Untracked 
|  61|0x0000000084100000, 0x0000000084100000, 0x0000000084200000|  0%| F|  |TAMS 0x0000000084100000, 0x0000000084100000| Untracked 
|  62|0x0000000084200000, 0x0000000084200000, 0x0000000084300000|  0%| F|  |TAMS 0x0000000084200000, 0x0000000084200000| Untracked 
|  63|0x0000000084300000, 0x0000000084300000, 0x0000000084400000|  0%| F|  |TAMS 0x0000000084300000, 0x0000000084300000| Untracked 
|  64|0x0000000084400000, 0x0000000084500000, 0x0000000084500000|100%| S|CS|TAMS 0x0000000084400000, 0x0000000084400000| Complete 
|  65|0x0000000084500000, 0x0000000084600000, 0x0000000084600000|100%| S|CS|TAMS 0x0000000084500000, 0x0000000084500000| Complete 
|  66|0x0000000084600000, 0x0000000084700000, 0x0000000084700000|100%| S|CS|TAMS 0x0000000084600000, 0x0000000084600000| Complete 
|  67|0x0000000084700000, 0x0000000084800000, 0x0000000084800000|100%| S|CS|TAMS 0x0000000084700000, 0x0000000084700000| Complete 
|  68|0x0000000084800000, 0x0000000084900000, 0x0000000084900000|100%| S|CS|TAMS 0x0000000084800000, 0x0000000084800000| Complete 
|  69|0x0000000084900000, 0x0000000084a00000, 0x0000000084a00000|100%| S|CS|TAMS 0x0000000084900000, 0x0000000084900000| Complete 
|  70|0x0000000084a00000, 0x0000000084b00000, 0x0000000084b00000|100%| S|CS|TAMS 0x0000000084a00000, 0x0000000084a00000| Complete 
|  71|0x0000000084b00000, 0x0000000084b00000, 0x0000000084c00000|  0%| F|  |TAMS 0x0000000084b00000, 0x0000000084b00000| Untracked 
|  72|0x0000000084c00000, 0x0000000084c00000, 0x0000000084d00000|  0%| F|  |TAMS 0x0000000084c00000, 0x0000000084c00000| Untracked 
|  73|0x0000000084d00000, 0x0000000084d00000, 0x0000000084e00000|  0%| F|  |TAMS 0x0000000084d00000, 0x0000000084d00000| Untracked 
|  74|0x0000000084e00000, 0x0000000084e00000, 0x0000000084f00000|  0%| F|  |TAMS 0x0000000084e00000, 0x0000000084e00000| Untracked 
|  75|0x0000000084f00000, 0x0000000084f00000, 0x0000000085000000|  0%| F|  |TAMS 0x0000000084f00000, 0x0000000084f00000| Untracked 
|  76|0x0000000085000000, 0x0000000085000000, 0x0000000085100000|  0%| F|  |TAMS 0x0000000085000000, 0x0000000085000000| Untracked 
|  77|0x0000000085100000, 0x0000000085100000, 0x0000000085200000|  0%| F|  |TAMS 0x0000000085100000, 0x0000000085100000| Untracked 
|  78|0x0000000085200000, 0x0000000085200000, 0x0000000085300000|  0%| F|  |TAMS 0x0000000085200000, 0x0000000085200000| Untracked 
|  79|0x0000000085300000, 0x0000000085300000, 0x0000000085400000|  0%| F|  |TAMS 0x0000000085300000, 0x0000000085300000| Untracked 
|  80|0x0000000085400000, 0x0000000085400000, 0x0000000085500000|  0%| F|  |TAMS 0x0000000085400000, 0x0000000085400000| Untracked 
|  81|0x0000000085500000, 0x0000000085500000, 0x0000000085600000|  0%| F|  |TAMS 0x0000000085500000, 0x0000000085500000| Untracked 
|  82|0x0000000085600000, 0x0000000085600000, 0x0000000085700000|  0%| F|  |TAMS 0x0000000085600000, 0x0000000085600000| Untracked 
|  83|0x0000000085700000, 0x0000000085700000, 0x0000000085800000|  0%| F|  |TAMS 0x0000000085700000, 0x0000000085700000| Untracked 
|  84|0x0000000085800000, 0x0000000085800000, 0x0000000085900000|  0%| F|  |TAMS 0x0000000085800000, 0x0000000085800000| Untracked 
|  85|0x0000000085900000, 0x0000000085900000, 0x0000000085a00000|  0%| F|  |TAMS 0x0000000085900000, 0x0000000085900000| Untracked 
|  86|0x0000000085a00000, 0x0000000085a00000, 0x0000000085b00000|  0%| F|  |TAMS 0x0000000085a00000, 0x0000000085a00000| Untracked 
|  87|0x0000000085b00000, 0x0000000085b00000, 0x0000000085c00000|  0%| F|  |TAMS 0x0000000085b00000, 0x0000000085b00000| Untracked 
|  88|0x0000000085c00000, 0x0000000085c00000, 0x0000000085d00000|  0%| F|  |TAMS 0x0000000085c00000, 0x0000000085c00000| Untracked 
|  89|0x0000000085d00000, 0x0000000085d00000, 0x0000000085e00000|  0%| F|  |TAMS 0x0000000085d00000, 0x0000000085d00000| Untracked 
|  90|0x0000000085e00000, 0x0000000085e00000, 0x0000000085f00000|  0%| F|  |TAMS 0x0000000085e00000, 0x0000000085e00000| Untracked 
|  91|0x0000000085f00000, 0x0000000085f00000, 0x0000000086000000|  0%| F|  |TAMS 0x0000000085f00000, 0x0000000085f00000| Untracked 
|  92|0x0000000086000000, 0x0000000086000000, 0x0000000086100000|  0%| F|  |TAMS 0x0000000086000000, 0x0000000086000000| Untracked 
|  93|0x0000000086100000, 0x0000000086100000, 0x0000000086200000|  0%| F|  |TAMS 0x0000000086100000, 0x0000000086100000| Untracked 
|  94|0x0000000086200000, 0x0000000086200000, 0x0000000086300000|  0%| F|  |TAMS 0x0000000086200000, 0x0000000086200000| Untracked 
|  95|0x0000000086300000, 0x0000000086300000, 0x0000000086400000|  0%| F|  |TAMS 0x0000000086300000, 0x0000000086300000| Untracked 
|  96|0x0000000086400000, 0x0000000086400000, 0x0000000086500000|  0%| F|  |TAMS 0x0000000086400000, 0x0000000086400000| Untracked 
|  97|0x0000000086500000, 0x0000000086500000, 0x0000000086600000|  0%| F|  |TAMS 0x0000000086500000, 0x0000000086500000| Untracked 
|  98|0x0000000086600000, 0x0000000086600000, 0x0000000086700000|  0%| F|  |TAMS 0x0000000086600000, 0x0000000086600000| Untracked 
|  99|0x0000000086700000, 0x0000000086700000, 0x0000000086800000|  0%| F|  |TAMS 0x0000000086700000, 0x0000000086700000| Untracked 
| 100|0x0000000086800000, 0x0000000086800000, 0x0000000086900000|  0%| F|  |TAMS 0x0000000086800000, 0x0000000086800000| Untracked 
| 101|0x0000000086900000, 0x0000000086900000, 0x0000000086a00000|  0%| F|  |TAMS 0x0000000086900000, 0x0000000086900000| Untracked 
| 102|0x0000000086a00000, 0x0000000086a00000, 0x0000000086b00000|  0%| F|  |TAMS 0x0000000086a00000, 0x0000000086a00000| Untracked 
| 103|0x0000000086b00000, 0x0000000086b00000, 0x0000000086c00000|  0%| F|  |TAMS 0x0000000086b00000, 0x0000000086b00000| Untracked 
| 104|0x0000000086c00000, 0x0000000086c00000, 0x0000000086d00000|  0%| F|  |TAMS 0x0000000086c00000, 0x0000000086c00000| Untracked 
| 105|0x0000000086d00000, 0x0000000086d00000, 0x0000000086e00000|  0%| F|  |TAMS 0x0000000086d00000, 0x0000000086d00000| Untracked 
| 106|0x0000000086e00000, 0x0000000086e00000, 0x0000000086f00000|  0%| F|  |TAMS 0x0000000086e00000, 0x0000000086e00000| Untracked 
| 107|0x0000000086f00000, 0x0000000086f00000, 0x0000000087000000|  0%| F|  |TAMS 0x0000000086f00000, 0x0000000086f00000| Untracked 
| 108|0x0000000087000000, 0x0000000087000000, 0x0000000087100000|  0%| F|  |TAMS 0x0000000087000000, 0x0000000087000000| Untracked 
| 109|0x0000000087100000, 0x0000000087100000, 0x0000000087200000|  0%| F|  |TAMS 0x0000000087100000, 0x0000000087100000| Untracked 
| 110|0x0000000087200000, 0x0000000087200000, 0x0000000087300000|  0%| F|  |TAMS 0x0000000087200000, 0x0000000087200000| Untracked 
| 111|0x0000000087300000, 0x0000000087300000, 0x0000000087400000|  0%| F|  |TAMS 0x0000000087300000, 0x0000000087300000| Untracked 
| 112|0x0000000087400000, 0x0000000087400000, 0x0000000087500000|  0%| F|  |TAMS 0x0000000087400000, 0x0000000087400000| Untracked 
| 113|0x0000000087500000, 0x0000000087500000, 0x0000000087600000|  0%| F|  |TAMS 0x0000000087500000, 0x0000000087500000| Untracked 
| 114|0x0000000087600000, 0x0000000087600000, 0x0000000087700000|  0%| F|  |TAMS 0x0000000087600000, 0x0000000087600000| Untracked 
| 115|0x0000000087700000, 0x0000000087700000, 0x0000000087800000|  0%| F|  |TAMS 0x0000000087700000, 0x0000000087700000| Untracked 
| 116|0x0000000087800000, 0x0000000087800000, 0x0000000087900000|  0%| F|  |TAMS 0x0000000087800000, 0x0000000087800000| Untracked 
| 117|0x0000000087900000, 0x0000000087900000, 0x0000000087a00000|  0%| F|  |TAMS 0x0000000087900000, 0x0000000087900000| Untracked 
| 118|0x0000000087a00000, 0x0000000087a00000, 0x0000000087b00000|  0%| F|  |TAMS 0x0000000087a00000, 0x0000000087a00000| Untracked 
| 119|0x0000000087b00000, 0x0000000087b00000, 0x0000000087c00000|  0%| F|  |TAMS 0x0000000087b00000, 0x0000000087b00000| Untracked 
| 120|0x0000000087c00000, 0x0000000087c00000, 0x0000000087d00000|  0%| F|  |TAMS 0x0000000087c00000, 0x0000000087c00000| Untracked 
| 121|0x0000000087d00000, 0x0000000087d00000, 0x0000000087e00000|  0%| F|  |TAMS 0x0000000087d00000, 0x0000000087d00000| Untracked 
| 122|0x0000000087e00000, 0x0000000087e00000, 0x0000000087f00000|  0%| F|  |TAMS 0x0000000087e00000, 0x0000000087e00000| Untracked 
| 123|0x0000000087f00000, 0x0000000087f00000, 0x0000000088000000|  0%| F|  |TAMS 0x0000000087f00000, 0x0000000087f00000| Untracked 
| 124|0x0000000088000000, 0x0000000088000000, 0x0000000088100000|  0%| F|  |TAMS 0x0000000088000000, 0x0000000088000000| Untracked 
| 125|0x0000000088100000, 0x0000000088100000, 0x0000000088200000|  0%| F|  |TAMS 0x0000000088100000, 0x0000000088100000| Untracked 
| 126|0x0000000088200000, 0x0000000088200000, 0x0000000088300000|  0%| F|  |TAMS 0x0000000088200000, 0x0000000088200000| Untracked 
| 127|0x0000000088300000, 0x0000000088300000, 0x0000000088400000|  0%| F|  |TAMS 0x0000000088300000, 0x0000000088300000| Untracked 
| 128|0x0000000088400000, 0x0000000088400000, 0x0000000088500000|  0%| F|  |TAMS 0x0000000088400000, 0x0000000088400000| Untracked 
| 129|0x0000000088500000, 0x0000000088500000, 0x0000000088600000|  0%| F|  |TAMS 0x0000000088500000, 0x0000000088500000| Untracked 
| 130|0x0000000088600000, 0x0000000088600000, 0x0000000088700000|  0%| F|  |TAMS 0x0000000088600000, 0x0000000088600000| Untracked 
| 131|0x0000000088700000, 0x0000000088700000, 0x0000000088800000|  0%| F|  |TAMS 0x0000000088700000, 0x0000000088700000| Untracked 
| 132|0x0000000088800000, 0x0000000088800000, 0x0000000088900000|  0%| F|  |TAMS 0x0000000088800000, 0x0000000088800000| Untracked 
| 133|0x0000000088900000, 0x0000000088900000, 0x0000000088a00000|  0%| F|  |TAMS 0x0000000088900000, 0x0000000088900000| Untracked 
| 134|0x0000000088a00000, 0x0000000088a00000, 0x0000000088b00000|  0%| F|  |TAMS 0x0000000088a00000, 0x0000000088a00000| Untracked 
| 135|0x0000000088b00000, 0x0000000088b00000, 0x0000000088c00000|  0%| F|  |TAMS 0x0000000088b00000, 0x0000000088b00000| Untracked 
| 136|0x0000000088c00000, 0x0000000088c00000, 0x0000000088d00000|  0%| F|  |TAMS 0x0000000088c00000, 0x0000000088c00000| Untracked 
| 137|0x0000000088d00000, 0x0000000088d00000, 0x0000000088e00000|  0%| F|  |TAMS 0x0000000088d00000, 0x0000000088d00000| Untracked 
| 138|0x0000000088e00000, 0x0000000088e00000, 0x0000000088f00000|  0%| F|  |TAMS 0x0000000088e00000, 0x0000000088e00000| Untracked 
| 139|0x0000000088f00000, 0x0000000088f00000, 0x0000000089000000|  0%| F|  |TAMS 0x0000000088f00000, 0x0000000088f00000| Untracked 
| 140|0x0000000089000000, 0x0000000089000000, 0x0000000089100000|  0%| F|  |TAMS 0x0000000089000000, 0x0000000089000000| Untracked 
| 141|0x0000000089100000, 0x0000000089100000, 0x0000000089200000|  0%| F|  |TAMS 0x0000000089100000, 0x0000000089100000| Untracked 
| 142|0x0000000089200000, 0x0000000089200000, 0x0000000089300000|  0%| F|  |TAMS 0x0000000089200000, 0x0000000089200000| Untracked 
| 143|0x0000000089300000, 0x0000000089300000, 0x0000000089400000|  0%| F|  |TAMS 0x0000000089300000, 0x0000000089300000| Untracked 
| 144|0x0000000089400000, 0x0000000089400000, 0x0000000089500000|  0%| F|  |TAMS 0x0000000089400000, 0x0000000089400000| Untracked 
| 145|0x0000000089500000, 0x0000000089500000, 0x0000000089600000|  0%| F|  |TAMS 0x0000000089500000, 0x0000000089500000| Untracked 
| 146|0x0000000089600000, 0x0000000089600000, 0x0000000089700000|  0%| F|  |TAMS 0x0000000089600000, 0x0000000089600000| Untracked 
| 147|0x0000000089700000, 0x0000000089700000, 0x0000000089800000|  0%| F|  |TAMS 0x0000000089700000, 0x0000000089700000| Untracked 
| 148|0x0000000089800000, 0x0000000089800000, 0x0000000089900000|  0%| F|  |TAMS 0x0000000089800000, 0x0000000089800000| Untracked 
| 149|0x0000000089900000, 0x0000000089900000, 0x0000000089a00000|  0%| F|  |TAMS 0x0000000089900000, 0x0000000089900000| Untracked 
| 150|0x0000000089a00000, 0x0000000089a00000, 0x0000000089b00000|  0%| F|  |TAMS 0x0000000089a00000, 0x0000000089a00000| Untracked 
| 151|0x0000000089b00000, 0x0000000089b00000, 0x0000000089c00000|  0%| F|  |TAMS 0x0000000089b00000, 0x0000000089b00000| Untracked 
| 152|0x0000000089c00000, 0x0000000089c00000, 0x0000000089d00000|  0%| F|  |TAMS 0x0000000089c00000, 0x0000000089c00000| Untracked 
| 153|0x0000000089d00000, 0x0000000089d00000, 0x0000000089e00000|  0%| F|  |TAMS 0x0000000089d00000, 0x0000000089d00000| Untracked 

Card table byte_map: [0x000000001a5a0000,0x000000001a9a0000] _byte_map_base: 0x000000001a19e000

Marking Bits (Prev, Next): (CMBitMap*) 0x00000000004f9498, (CMBitMap*) 0x00000000004f94d0
 Prev Bits: [0x000000001ada0000, 0x000000001cd90000)
 Next Bits: [0x000000001cd90000, 0x000000001ed80000)

Polling page: 0x0000000000120000

Metaspace:

Usage:
  Non-class:     50.06 MB capacity,    49.08 MB ( 98%) used,   807.78 KB (  2%) free+waste,   197.38 KB ( <1%) overhead. 
      Class:      7.98 MB capacity,     7.35 MB ( 92%) used,   553.39 KB (  7%) free+waste,    96.75 KB (  1%) overhead. 
       Both:     58.04 MB capacity,    56.43 MB ( 97%) used,     1.33 MB (  2%) free+waste,   294.13 KB ( <1%) overhead. 

Virtual space:
  Non-class space:       52.00 MB reserved,      50.17 MB ( 96%) committed 
      Class space:        1.00 GB reserved,       8.03 MB ( <1%) committed 
             Both:        1.05 GB reserved,      58.20 MB (  5%) committed 

Chunk freelists:
   Non-Class:  6.50 KB
       Class:  2.00 KB
        Both:  8.50 KB

CodeHeap 'non-profiled nmethods': size=238912Kb used=8086Kb max_used=8086Kb free=230825Kb
 bounds [0x000000000b1c0000, 0x000000000b9b0000, 0x0000000019b10000]
CodeHeap 'non-nmethods': size=6848Kb used=1241Kb max_used=1241Kb free=5606Kb
 bounds [0x000000000ab10000, 0x000000000ad80000, 0x000000000b1c0000]
 total_blobs=5660 nmethods=5022 adapters=548
 compilation: enabled
              stopped_count=0, restarted_count=0
 full_count=0

Compilation events (10 events):
Event: 1055.787 Thread 0x000000006228a000 5017       1       org.apache.juli.logging.DirectJDKLog::isDebugEnabled (11 bytes)
Event: 1055.788 Thread 0x000000006228a000 nmethod 5017 0x000000000b9a2b10 code [0x000000000b9a2cc0, 0x000000000b9a2e18]
Event: 1055.791 Thread 0x000000006228a000 5018   !   1       sun.net.www.protocol.jar.JarFileFactory::getCachedJarFile (146 bytes)
Event: 1055.792 Thread 0x000000006228a000 nmethod 5018 0x000000000b9a2f10 code [0x000000000b9a3180, 0x000000000b9a36c0]
Event: 1055.793 Thread 0x000000006228a000 5019  s    1       java.lang.StringBuffer::toString (59 bytes)
Event: 1055.793 Thread 0x000000006228a000 nmethod 5019 0x000000000b9a3a10 code [0x000000000b9a3c00, 0x000000000b9a4180]
Event: 1055.796 Thread 0x000000006228a000 5020  s    1       org.apache.catalina.util.LifecycleBase::setStateInternal (144 bytes)
Event: 1055.797 Thread 0x000000006228a000 nmethod 5020 0x000000000b9a4510 code [0x000000000b9a4740, 0x000000000b9a4f10]
Event: 1055.798 Thread 0x000000006228a000 5022       1       java.util.concurrent.locks.AbstractQueuedSynchronizer::shouldParkAfterFailedAcquire (50 bytes)
Event: 1055.800 Thread 0x000000006228a000 nmethod 5022 0x000000000b9a5210 code [0x000000000b9a5400, 0x000000000b9a5850]

GC Heap History (10 events):
Event: 1.138 GC heap after
{Heap after GC invocations=6 (full 0):
 garbage-first heap   total 131072K, used 10203K [0x0000000080400000, 0x0000000100000000)
  region size 1024K, 4 young (4096K), 4 survivors (4096K)
 Metaspace       used 24567K, capacity 25357K, committed 25596K, reserved 1071104K
  class space    used 3035K, capacity 3332K, committed 3404K, reserved 1048576K
}
Event: 1.297 GC heap before
{Heap before GC invocations=6 (full 0):
 garbage-first heap   total 131072K, used 69595K [0x0000000080400000, 0x0000000100000000)
  region size 1024K, 63 young (64512K), 4 survivors (4096K)
 Metaspace       used 27283K, capacity 28135K, committed 28284K, reserved 1073152K
  class space    used 3360K, capacity 3687K, committed 3788K, reserved 1048576K
}
Event: 1.303 GC heap after
{Heap after GC invocations=7 (full 0):
 garbage-first heap   total 157696K, used 11379K [0x0000000080400000, 0x0000000100000000)
  region size 1024K, 5 young (5120K), 5 survivors (5120K)
 Metaspace       used 27283K, capacity 28135K, committed 28284K, reserved 1073152K
  class space    used 3360K, capacity 3687K, committed 3788K, reserved 1048576K
}
Event: 1.996 GC heap before
{Heap before GC invocations=7 (full 0):
 garbage-first heap   total 157696K, used 86131K [0x0000000080400000, 0x0000000100000000)
  region size 1024K, 79 young (80896K), 5 survivors (5120K)
 Metaspace       used 34269K, capacity 35405K, committed 35708K, reserved 1081344K
  class space    used 4308K, capacity 4757K, committed 4812K, reserved 1048576K
}
Event: 2.004 GC heap after
{Heap after GC invocations=8 (full 0):
 garbage-first heap   total 157696K, used 15048K [0x0000000080400000, 0x0000000100000000)
  region size 1024K, 9 young (9216K), 9 survivors (9216K)
 Metaspace       used 34269K, capacity 35405K, committed 35708K, reserved 1081344K
  class space    used 4308K, capacity 4757K, committed 4812K, reserved 1048576K
}
Event: 2.103 GC heap before
{Heap before GC invocations=8 (full 0):
 garbage-first heap   total 157696K, used 49864K [0x0000000080400000, 0x0000000100000000)
  region size 1024K, 45 young (46080K), 9 survivors (9216K)
 Metaspace       used 34812K, capacity 35934K, committed 36048K, reserved 1081344K
  class space    used 4371K, capacity 4827K, committed 4896K, reserved 1048576K
}
Event: 2.116 GC heap after
{Heap after GC invocations=9 (full 0):
 garbage-first heap   total 157696K, used 15085K [0x0000000080400000, 0x0000000100000000)
  region size 1024K, 7 young (7168K), 7 survivors (7168K)
 Metaspace       used 34812K, capacity 35934K, committed 36048K, reserved 1081344K
  class space    used 4371K, capacity 4827K, committed 4896K, reserved 1048576K
}
Event: 2.984 GC heap before
{Heap before GC invocations=10 (full 0):
 garbage-first heap   total 157696K, used 102125K [0x0000000080400000, 0x0000000100000000)
  region size 1024K, 90 young (92160K), 7 survivors (7168K)
 Metaspace       used 50374K, capacity 51744K, committed 51792K, reserved 1093632K
  class space    used 6499K, capacity 7046K, committed 7072K, reserved 1048576K
}
Event: 2.993 GC heap after
{Heap after GC invocations=11 (full 0):
 garbage-first heap   total 157696K, used 20956K [0x0000000080400000, 0x0000000100000000)
  region size 1024K, 9 young (9216K), 9 survivors (9216K)
 Metaspace       used 50374K, capacity 51744K, committed 51792K, reserved 1093632K
  class space    used 6499K, capacity 7046K, committed 7072K, reserved 1048576K
}
Event: 1055.801 GC heap before
{Heap before GC invocations=11 (full 0):
 garbage-first heap   total 157696K, used 105948K [0x0000000080400000, 0x0000000100000000)
  region size 1024K, 92 young (94208K), 9 survivors (9216K)
 Metaspace       used 57780K, capacity 59436K, committed 59600K, reserved 1101824K
  class space    used 7525K, capacity 8176K, committed 8224K, reserved 1048576K
}

Deoptimization events (0 events):
No events

Classes redefined (0 events):
No events

Internal exceptions (10 events):
Event: 3.322 Thread 0x00000000004bc800 Exception <a 'java/lang/ClassNotFoundException'{0x0000000087d0ad80}: org/springframework/web/context/ServletContextAwareCustomizer> (0x0000000087d0ad80) thrown at [t:/workspace/open/src/hotspot/share/classfile/systemDictionary.cpp, line 231]
Event: 3.322 Thread 0x00000000004bc800 Exception <a 'java/lang/ClassNotFoundException'{0x0000000087d19388}: org/springframework/beans/factory/AwareCustomizer> (0x0000000087d19388) thrown at [t:/workspace/open/src/hotspot/share/classfile/systemDictionary.cpp, line 231]
Event: 3.420 Thread 0x00000000004bc800 Exception <a 'java/lang/NoSuchMethodError'{0x00000000874f4560}: java.lang.invoke.DirectMethodHandle$Holder.invokeVirtual(Ljava/lang/Object;Ljava/lang/Object;I)V> (0x00000000874f4560) thrown at [t:/workspace/open/src/hotspot/share/interpreter/linkResolver.
Event: 3.421 Thread 0x00000000004bc800 Exception <a 'java/lang/NoSuchMethodError'{0x000000008730e830}: java.lang.invoke.DirectMethodHandle$Holder.invokeVirtual(Ljava/lang/Object;Ljava/lang/Object;J)V> (0x000000008730e830) thrown at [t:/workspace/open/src/hotspot/share/interpreter/linkResolver.
Event: 3.488 Thread 0x00000000004bc800 Exception <a 'java/lang/IncompatibleClassChangeError'{0x0000000086dba5e8}: Found class java.lang.Object, but interface was expected> (0x0000000086dba5e8) thrown at [t:/workspace/open/src/hotspot/share/interpreter/linkResolver.cpp, line 838]
Event: 3.510 Thread 0x00000000004bc800 Exception <a 'java/lang/NoSuchMethodError'{0x0000000086b42638}: java.lang.invoke.DirectMethodHandle$Holder.invokeStaticInit(Ljava/lang/Object;Ljava/lang/Object;Ljava/lang/Object;Ljava/lang/Object;)I> (0x0000000086b42638) thrown at [t:/workspace/open/src/h
Event: 3.617 Thread 0x00000000004bc800 Exception <a 'java/lang/NoSuchMethodError'{0x00000000860b1fe8}: java.lang.invoke.Invokers$Holder.linkToTargetMethod(Ljava/lang/Object;Ljava/lang/Object;Ljava/lang/Object;Ljava/lang/Object;Ljava/lang/Object;Ljava/lang/Object;Ljava/lang/Object;)Ljava/lang/O
Event: 3.635 Thread 0x00000000004bc800 Exception <a 'java/lang/ClassNotFoundException'{0x0000000085eaa1e8}: java/lang/ObjectCustomizer> (0x0000000085eaa1e8) thrown at [t:/workspace/open/src/hotspot/share/classfile/systemDictionary.cpp, line 231]
Event: 3.635 Thread 0x00000000004bc800 Exception <a 'java/lang/ClassNotFoundException'{0x0000000085eba928}: com/wolfdani/alvicom/entity/SzamlaCustomizer> (0x0000000085eba928) thrown at [t:/workspace/open/src/hotspot/share/classfile/systemDictionary.cpp, line 231]
Event: 3.672 Thread 0x00000000004bc800 Exception <a 'java/lang/NoSuchMethodError'{0x0000000085b91a08}: java.lang.invoke.DirectMethodHandle$Holder.invokeStatic(Ljava/lang/Object;ILjava/lang/Object;)Ljava/lang/Object;> (0x0000000085b91a08) thrown at [t:/workspace/open/src/hotspot/share/interpret

Events (10 events):
Event: 1055.801 Executing VM operation: RevokeBias
Event: 1055.801 Thread 0x00000000666ac800 Thread exited: 0x00000000666ac800
Event: 1055.801 Executing VM operation: RevokeBias done
Event: 1055.801 Executing VM operation: RevokeBias
Event: 1055.801 Executing VM operation: RevokeBias done
Event: 1055.801 Executing VM operation: RevokeBias
Event: 1055.801 Executing VM operation: RevokeBias done
Event: 1055.801 Executing VM operation: RevokeBias
Event: 1055.801 Executing VM operation: RevokeBias done
Event: 1055.801 Executing VM operation: RevokeBias


Dynamic libraries:
0x000000013f5a0000 - 0x000000013f5e7000 	C:\Program Files\Java\jdk-11.0.5\bin\javaw.exe
0x0000000077010000 - 0x00000000771af000 	C:\Windows\SYSTEM32\ntdll.dll
0x0000000076ef0000 - 0x000000007700f000 	C:\Windows\system32\kernel32.dll
0x000007fefcdc0000 - 0x000007fefce27000 	C:\Windows\system32\KERNELBASE.dll
0x000007fefee30000 - 0x000007fefef0b000 	C:\Windows\system32\ADVAPI32.dll
0x000007feff040000 - 0x000007feff0df000 	C:\Windows\system32\msvcrt.dll
0x000007fefe080000 - 0x000007fefe09f000 	C:\Windows\SYSTEM32\sechost.dll
0x000007fefef10000 - 0x000007feff03c000 	C:\Windows\system32\RPCRT4.dll
0x0000000076df0000 - 0x0000000076eeb000 	C:\Windows\system32\USER32.dll
0x000007feff290000 - 0x000007feff2f7000 	C:\Windows\system32\GDI32.dll
0x000007fefd830000 - 0x000007fefd83e000 	C:\Windows\system32\LPK.dll
0x000007feff1c0000 - 0x000007feff28b000 	C:\Windows\system32\USP10.dll
0x000007fefb560000 - 0x000007fefb755000 	C:\Windows\WinSxS\amd64_microsoft.windows.common-controls_6595b64144ccf1df_6.0.7601.24483_none_e372d88f30fbb845\COMCTL32.dll
0x000007fefe000000 - 0x000007fefe071000 	C:\Windows\system32\SHLWAPI.dll
0x000007fefbc20000 - 0x000007fefbc2c000 	C:\Windows\system32\VERSION.dll
0x000007fefdfd0000 - 0x000007fefdffe000 	C:\Windows\system32\IMM32.DLL
0x000007fefd570000 - 0x000007fefd67b000 	C:\Windows\system32\MSCTF.dll
0x000007fef2750000 - 0x000007fef2753000 	C:\Windows\system32\api-ms-win-core-synch-l1-2-0.DLL
0x000007fef1ac0000 - 0x000007fef1ad6000 	C:\Program Files\Java\jdk-11.0.5\bin\vcruntime140.dll
0x000007fefa1b0000 - 0x000007fefa1b4000 	C:\Program Files\Java\jdk-11.0.5\bin\api-ms-win-crt-runtime-l1-1-0.dll
0x000007fee81d0000 - 0x000007fee82c6000 	C:\Program Files\Java\jdk-11.0.5\bin\ucrtbase.DLL
0x000007feea260000 - 0x000007feea263000 	C:\Program Files\Java\jdk-11.0.5\bin\api-ms-win-core-localization-l1-2-0.dll
0x000007feea130000 - 0x000007feea133000 	C:\Program Files\Java\jdk-11.0.5\bin\api-ms-win-core-processthreads-l1-1-1.dll
0x000007feea120000 - 0x000007feea123000 	C:\Program Files\Java\jdk-11.0.5\bin\api-ms-win-core-file-l1-2-0.dll
0x000007feea110000 - 0x000007feea113000 	C:\Program Files\Java\jdk-11.0.5\bin\api-ms-win-core-timezone-l1-1-0.dll
0x000007feea100000 - 0x000007feea103000 	C:\Program Files\Java\jdk-11.0.5\bin\api-ms-win-core-file-l2-1-0.dll
0x000007feea0a0000 - 0x000007feea0a4000 	C:\Program Files\Java\jdk-11.0.5\bin\api-ms-win-crt-string-l1-1-0.dll
0x000007feea090000 - 0x000007feea093000 	C:\Program Files\Java\jdk-11.0.5\bin\api-ms-win-crt-heap-l1-1-0.dll
0x000007fee9fa0000 - 0x000007fee9fa4000 	C:\Program Files\Java\jdk-11.0.5\bin\api-ms-win-crt-stdio-l1-1-0.dll
0x000007fee9f90000 - 0x000007fee9f94000 	C:\Program Files\Java\jdk-11.0.5\bin\api-ms-win-crt-convert-l1-1-0.dll
0x000007fee98c0000 - 0x000007fee996a000 	C:\Program Files\Java\jdk-11.0.5\bin\msvcp140.dll
0x000007fee9ec0000 - 0x000007fee9ec3000 	C:\Program Files\Java\jdk-11.0.5\bin\api-ms-win-crt-locale-l1-1-0.dll
0x000007fee9eb0000 - 0x000007fee9eb5000 	C:\Program Files\Java\jdk-11.0.5\bin\api-ms-win-crt-math-l1-1-0.dll
0x000007fee9ea0000 - 0x000007fee9ea5000 	C:\Program Files\Java\jdk-11.0.5\bin\api-ms-win-crt-multibyte-l1-1-0.dll
0x000007fee9e90000 - 0x000007fee9e93000 	C:\Program Files\Java\jdk-11.0.5\bin\api-ms-win-crt-time-l1-1-0.dll
0x000007fee9e80000 - 0x000007fee9e83000 	C:\Program Files\Java\jdk-11.0.5\bin\api-ms-win-crt-filesystem-l1-1-0.dll
0x000007fee9db0000 - 0x000007fee9db3000 	C:\Program Files\Java\jdk-11.0.5\bin\api-ms-win-crt-environment-l1-1-0.dll
0x000007fee9da0000 - 0x000007fee9da3000 	C:\Program Files\Java\jdk-11.0.5\bin\api-ms-win-crt-utility-l1-1-0.dll
0x000007fee6150000 - 0x000007fee6c78000 	C:\Program Files\Java\jdk-11.0.5\bin\server\jvm.dll
0x000007feef080000 - 0x000007feef089000 	C:\Windows\system32\WSOCK32.dll
0x000007fefcfc0000 - 0x000007fefd00d000 	C:\Windows\system32\WS2_32.dll
0x000007fefd360000 - 0x000007fefd368000 	C:\Windows\system32\NSI.dll
0x000007fefa710000 - 0x000007fefa74b000 	C:\Windows\system32\WINMM.dll
0x00000000771b0000 - 0x00000000771b7000 	C:\Windows\system32\PSAPI.DLL
0x000007fee9ba0000 - 0x000007fee9bb1000 	C:\Program Files\Java\jdk-11.0.5\bin\verify.dll
0x000007fee7f40000 - 0x000007fee8065000 	C:\Windows\system32\DBGHELP.DLL
0x000007fee9b70000 - 0x000007fee9b99000 	C:\Program Files\Java\jdk-11.0.5\bin\java.dll
0x000007fee9b50000 - 0x000007fee9b66000 	C:\Program Files\Java\jdk-11.0.5\bin\zip.dll
0x000007fee9b40000 - 0x000007fee9b4a000 	C:\Program Files\Java\jdk-11.0.5\bin\jimage.dll
0x000007fefe0a0000 - 0x000007fefee2b000 	C:\Windows\system32\SHELL32.dll
0x000007fefd370000 - 0x000007fefd56f000 	C:\Windows\system32\ole32.dll
0x000007fefcb70000 - 0x000007fefcb7f000 	C:\Windows\system32\profapi.dll
0x000007fee98a0000 - 0x000007fee98b9000 	C:\Program Files\Java\jdk-11.0.5\bin\net.dll
0x000007fef8720000 - 0x000007fef8791000 	C:\Windows\system32\WINHTTP.dll
0x000007fef8610000 - 0x000007fef8675000 	C:\Windows\system32\webio.dll
0x000007fefc3b0000 - 0x000007fefc405000 	C:\Windows\system32\mswsock.dll
0x000007fefc3a0000 - 0x000007fefc3a7000 	C:\Windows\System32\wship6.dll
0x000007fee9040000 - 0x000007fee9053000 	C:\Program Files\Java\jdk-11.0.5\bin\nio.dll
0x000007fee9b30000 - 0x000007fee9b39000 	C:\Program Files\Java\jdk-11.0.5\bin\management.dll
0x000007fee9890000 - 0x000007fee989c000 	C:\Program Files\Java\jdk-11.0.5\bin\management_ext.dll
0x000007fefa6f0000 - 0x000007fefa705000 	C:\Windows\system32\NLAapi.dll
0x000007fef11d0000 - 0x000007fef11e5000 	C:\Windows\system32\napinsp.dll
0x000007fef11b0000 - 0x000007fef11c9000 	C:\Windows\system32\pnrpnsp.dll
0x000007fefc190000 - 0x000007fefc1eb000 	C:\Windows\system32\DNSAPI.dll
0x000007fef1120000 - 0x000007fef112b000 	C:\Windows\System32\winrnr.dll
0x000007fefbec0000 - 0x000007fefbec7000 	C:\Windows\System32\wshtcpip.dll
0x000007fefa590000 - 0x000007fefa5b7000 	C:\Windows\system32\IPHLPAPI.DLL
0x000007fefa570000 - 0x000007fefa57b000 	C:\Windows\system32\WINNSI.DLL
0x000007fef40c0000 - 0x000007fef40c8000 	C:\Windows\system32\rasadhlp.dll
0x000007fefa400000 - 0x000007fefa453000 	C:\Windows\System32\fwpuclnt.dll
0x000007fefc540000 - 0x000007fefc558000 	C:\Windows\system32\CRYPTSP.dll
0x000007fefbff0000 - 0x000007fefc037000 	C:\Windows\system32\rsaenh.dll
0x000007fefcf00000 - 0x000007fefcf1f000 	C:\Windows\system32\USERENV.dll
0x000007fefca00000 - 0x000007fefca0f000 	C:\Windows\system32\CRYPTBASE.dll
0x000007fefa3c0000 - 0x000007fefa3d1000 	C:\Windows\system32\dhcpcsvc6.DLL
0x000007fefa3a0000 - 0x000007fefa3b8000 	C:\Windows\system32\dhcpcsvc.DLL

dbghelp: loaded successfully - version: 4.0.5 - missing functions: none
symbol engine: initialized successfully - sym options: 0x614 - pdb path: .;C:\Program Files\Java\jdk-11.0.5\bin;C:\Windows\SYSTEM32;C:\Windows\WinSxS\amd64_microsoft.windows.common-controls_6595b64144ccf1df_6.0.7601.24483_none_e372d88f30fbb845;C:\Program Files\Java\jdk-11.0.5\bin\server

VM Arguments:
jvm_args: -Dcom.sun.management.jmxremote -Dcom.sun.management.jmxremote.port=52396 -Dcom.sun.management.jmxremote.authenticate=false -Dcom.sun.management.jmxremote.ssl=false -Djava.rmi.server.hostname=localhost -Dspring.jmx.enabled=true -Dspring.application.admin.enabled=true -Xverify:none -XX:TieredStopAtLevel=1 -Dspring.boot.project.name=alvicom -Dfile.encoding=UTF-8 
java_command: com.wolfdani.alvicom.AlvicomApplication --spring.output.ansi.enabled=always
java_class_path (initial): C:\workspace-spring-tool-suite-4-4.5.0.RELEASE\alvicom.zip_expanded\alvicom\target\classes;C:\Users\sali\.m2\repository\org\springframework\boot\spring-boot-starter-data-jpa\2.3.3.RELEASE\spring-boot-starter-data-jpa-2.3.3.RELEASE.jar;C:\Users\sali\.m2\repository\org\springframework\boot\spring-boot-starter-aop\2.3.3.RELEASE\spring-boot-starter-aop-2.3.3.RELEASE.jar;C:\Users\sali\.m2\repository\org\springframework\spring-aop\5.2.8.RELEASE\spring-aop-5.2.8.RELEASE.jar;C:\Users\sali\.m2\repository\org\aspectj\aspectjweaver\1.9.6\aspectjweaver-1.9.6.jar;C:\Users\sali\.m2\repository\org\springframework\boot\spring-boot-starter-jdbc\2.3.3.RELEASE\spring-boot-starter-jdbc-2.3.3.RELEASE.jar;C:\Users\sali\.m2\repository\com\zaxxer\HikariCP\3.4.5\HikariCP-3.4.5.jar;C:\Users\sali\.m2\repository\org\springframework\spring-jdbc\5.2.8.RELEASE\spring-jdbc-5.2.8.RELEASE.jar;C:\Users\sali\.m2\repository\jakarta\transaction\jakarta.transaction-api\1.3.3\jakarta.transaction-api-1.3.3.jar;C:\Users\sali\.m2\repository\jakarta\persistence\jakarta.persistence-api\2.2.3\jakarta.persistence-api-2.2.3.jar;C:\Users\sali\.m2\repository\org\hibernate\hibernate-core\5.4.20.Final\hibernate-core-5.4.20.Final.jar;C:\Users\sali\.m2\repository\org\jboss\logging\jboss-logging\3.4.1.Final\jboss-logging-3.4.1.Final.jar;C:\Users\sali\.m2\repository\org\javassist\javassist\3.24.0-GA\javassist-3.24.0-GA.jar;C:\Users\sali\.m2\repository\net\bytebuddy\byte-buddy\1.10.14\byte-buddy-1.10.14.jar;C:\Users\sali\.m2\repository\antlr\antlr\2.7.7\antlr-2.7.7.jar;C:\Users\sali\.m2\repository\org\jboss\jandex\2.1.3.Final\jandex-2.1.3.Final.jar;C:\Users\sali\.m2\repository\com\fasterxml\classmate\1.5.1\classmate-1.5.1.jar;C:\Users\sali\.m2\repository\org\dom4j\dom4j\2.1.3\dom4j-2.1.3.jar;C:\Users\sali\.m2\repository\org\hibernate\common\hibernate-commons-annotations\5.1.0.Final\hibernate-commons-annotations-5.1.0.Final.jar;C:\Users\sali\.m2\repository\org\glassfish\jaxb\jaxb-runtime\2.3.3\
Launcher Type: SUN_STANDARD

[Global flags]
     bool BytecodeVerificationLocal                = false                                     {product} {command line}
     bool BytecodeVerificationRemote               = false                                     {product} {command line}
     intx CICompilerCount                          = 3                                         {product} {ergonomic}
     uint ConcGCThreads                            = 1                                         {product} {ergonomic}
     uint G1ConcRefinementThreads                  = 4                                         {product} {ergonomic}
   size_t G1HeapRegionSize                         = 1048576                                   {product} {ergonomic}
    uintx GCDrainStackTargetSize                   = 64                                        {product} {ergonomic}
   size_t InitialHeapSize                          = 134217728                                 {product} {ergonomic}
     bool ManagementServer                         = true                                      {product} {command line}
   size_t MarkStackSize                            = 4194304                                   {product} {ergonomic}
   size_t MaxHeapSize                              = 2143289344                                {product} {ergonomic}
   size_t MaxNewSize                               = 1285554176                                {product} {ergonomic}
   size_t MinHeapDeltaBytes                        = 1048576                                   {product} {ergonomic}
    uintx NonNMethodCodeHeapSize                   = 6973028                                {pd product} {ergonomic}
    uintx NonProfiledCodeHeapSize                  = 244685212                              {pd product} {ergonomic}
    uintx ProfiledCodeHeapSize                     = 0                                      {pd product} {ergonomic}
    uintx ReservedCodeCacheSize                    = 251658240                              {pd product} {ergonomic}
     bool SegmentedCodeCache                       = true                                      {product} {ergonomic}
     intx TieredStopAtLevel                        = 1                                         {product} {command line}
     bool UseCompressedClassPointers               = true                                 {lp64_product} {ergonomic}
     bool UseCompressedOops                        = true                                 {lp64_product} {ergonomic}
     bool UseG1GC                                  = true                                      {product} {ergonomic}
     bool UseLargePagesIndividualAllocation        = false                                  {pd product} {ergonomic}

Logging:
Log output configuration:
 #0: stdout all=warning uptime,level,tags
 #1: stderr all=off uptime,level,tags

Environment Variables:
JAVA_HOME=C:\Program Files\Java\jre1.8.0_231\bin
PATH=C:/Program Files/Java/jre1.8.0_231/bin/server;C:/Program Files/Java/jre1.8.0_231/bin;C:/Program Files/Java/jre1.8.0_231/lib/amd64;c:\Users\Public\abevjava\;C:\Program Files (x86)\iis express\PHP\v5.3;c:\Program Files (x86)\GnuWin32\bin;e:\sqlite;C:\Windows\system32;C:\Windows;C:\Windows\System32\Wbem;C:\Windows\System32\WindowsPowerShell\v1.0\;C:\Program Files\Microsoft SQL Server\110\Tools\Binn\;c:\Program Files (x86)\Microsoft SQL Server\100\Tools\Binn\;c:\Program Files\Microsoft SQL Server\100\Tools\Binn\;c:\Program Files\Microsoft SQL Server\100\DTS\Binn\;C:\Program Files\TortoiseSVN\bin;C:\Program Files (x86)\Common Files\Teleca Shared;C:\Program Files (x86)\Microsoft SQL Server\90\Tools\binn\;d:\Graphviz2.36\bin\;C:\Program Files\Microsoft SQL Server\120\Tools\Binn\;C:\Users\sali\AppDat;C:\Users\sali\AppData\Roaming\npm;c:\Program Files\nodejs\node_modules\npm\bin\;c:\Program Files (x86)\Git\bin;C:\Program Files\Git\cmd;C:\Program Files\Microsoft SQL Server\130\Tools\Binn\;C:\Program Files (x86)\Microsoft SDKs\Azure\CLI\wbin;C:\Program Files (x86)\Windows Kits\10\Windows Performance ;C:\Windows\System32\WindowsPowerShell\v1.0\;C:\Windows\System32\WindowsPowerShell\v1.0\;C:\Program Files\Java\jre1.8.0_231\bin;C:\nodejs\;C:\Program Files\Microsoft VS Code\bin;C:\Program Files\MySQL\MySQL Shell 8.0\bin\;C:\Program Files\Microsoft VS Code\bin;C:\Users\sali\AppData\Roaming\npm;C:\Users\sali\AppData\Local\GitHubDesktop\bin;C:\sts-4.5.0.RELEASE;
USERNAME=sali
OS=Windows_NT
PROCESSOR_IDENTIFIER=Intel64 Family 6 Model 42 Stepping 7, GenuineIntel



---------------  S Y S T E M  ---------------

OS: Windows 7 , 64 bit Build 7601 (6.1.7601.24545)

CPU:total 4 (initial active 4) (4 cores per cpu, 1 threads per core) family 6 model 42 stepping 7, cmov, cx8, fxsr, mmx, sse, sse2, sse3, ssse3, sse4.1, sse4.2, popcnt, avx, aes, clmul, tsc, tscinvbit

Memory: 4k page, system-wide physical 8174M (1495M free)
TotalPageFile size 8172M (AvailPageFile size 52M)
current process WorkingSet (physical memory assigned to process): 234M, peak: 234M
current process commit charge ("private bytes"): 317M, peak: 368M

vm_info: Java HotSpot(TM) 64-Bit Server VM (11.0.5+10-LTS) for windows-amd64 JRE (11.0.5+10-LTS), built on Oct  6 2019 12:37:14 by "mach5one" with MS VC++ 15.5 (VS2017)

END.
